SF:lib/data/datasource/event_remote_datasource.dart
DA:13,0
DA:15,0
DA:16,0
DA:17,0
DA:19,0
LF:5
LH:0
end_of_record
SF:lib/data/models/event_model.dart
DA:6,3
DA:12,0
DA:13,0
DA:16,0
DA:17,0
DA:20,3
DA:21,6
DA:25,0
DA:47,0
DA:48,0
DA:49,0
DA:50,0
DA:51,0
DA:52,0
DA:53,0
DA:54,0
DA:55,0
DA:56,0
DA:59,0
DA:60,0
DA:61,0
DA:62,0
DA:63,0
DA:64,0
DA:65,0
DA:66,0
DA:67,0
DA:68,0
DA:71,0
DA:72,0
DA:74,0
DA:75,0
DA:79,0
DA:84,0
DA:85,0
DA:88,0
DA:89,0
DA:94,0
DA:99,0
DA:100,0
DA:103,0
DA:104,0
LF:42
LH:3
end_of_record
SF:lib/data/repositories/event_repository_impl.dart
DA:15,1
DA:19,2
DA:20,1
DA:21,0
DA:23,0
LF:5
LH:3
end_of_record
SF:lib/data/constants.dart
DA:4,0
DA:5,0
LF:2
LH:0
end_of_record
SF:lib/data/failure.dart
DA:5,5
DA:7,0
DA:8,0
DA:12,5
DA:16,4
DA:20,0
LF:6
LH:3
end_of_record
SF:lib/domain/entities/event_entities.dart
DA:4,0
DA:20,0
DA:21,0
LF:3
LH:0
end_of_record
SF:lib/domain/usecases/get_event_use_case.dart
DA:9,3
LF:1
LH:1
end_of_record
SF:lib/presentation/bloc/geek_list_event/geek_event_bloc.dart
DA:19,3
DA:20,2
DA:23,1
DA:25,1
DA:27,2
DA:29,2
DA:30,2
DA:32,5
DA:33,1
DA:34,1
DA:35,0
DA:36,0
DA:38,3
LF:13
LH:11
end_of_record
SF:lib/presentation/bloc/geek_list_event/geek_event_state.dart
DA:4,2
DA:5,0
DA:6,0
DA:16,2
DA:18,1
DA:19,2
DA:26,1
DA:28,1
DA:29,2
LF:9
LH:7
end_of_record
SF:lib/presentation/bloc/geek_list_event/geek_event_event.dart
DA:4,1
DA:6,0
DA:7,0
DA:12,1
DA:13,0
DA:14,0
LF:6
LH:2
end_of_record
SF:lib/presentation/bloc/geek_detail_event/details_bloc.dart
DA:16,3
DA:17,2
DA:18,2
DA:21,1
DA:25,0
DA:27,0
DA:30,0
DA:31,0
DA:33,0
DA:34,0
DA:37,0
LF:11
LH:4
end_of_record
SF:lib/presentation/bloc/geek_detail_event/details_event.dart
DA:4,1
DA:6,0
DA:7,0
DA:13,1
DA:14,0
DA:15,0
DA:20,0
DA:22,0
DA:23,0
LF:9
LH:2
end_of_record
SF:lib/presentation/bloc/geek_detail_event/details_state.dart
DA:4,1
DA:5,1
DA:6,1
DA:15,0
DA:16,0
DA:17,0
LF:6
LH:3
end_of_record
